[I] from now on, log_dir=[../mgmt/logs] log_file_name=[yolov8m_mak]
2023-04-04_13.56.14.858 [I] This is licensed to user_id [support@soynet.io]
2023-04-04_13.56.14.859 [I] This model is licensed by trial license.
2023-04-04_13.56.15.188 [I] current_path=[E:\DEV-5.1.0-github\Samples], plugin_dir=[../lib/plugins/]
2023-04-04_13.56.15.189 [I] checking plugins in plugin_dir=[../lib/plugins/]
  idx fileName                                 pluginType           pluginVersion  shareAct pluginDesc
  --- ---------------------------------------- -------------------- -------------- -------- -----------------------------
    0 SLactivation.pl                          activation           2022.05.01.001 NONE     activation
    1 SLargmax.pl                              argmax               2022.05.01.001 NONE     argmax for covidetect
    2 SLastsm.pl                               astsm                2022.05.01.001 SHARE    astsm for only fastspeech
    3 SLaudio_sb.pl                            audio_sb             2022.05.01.001 SHARE    audio_sb for only fastspeech
    4 SLaudio_skip.pl                          audio_skip           2022.05.01.001 SHARE    audio_skip for only fastspeech
  --- ---------------------------------------- -------------------- -------------- -------- -----------------------------
    5 SLbconv2d.pl                             bconv2d              2022.05.01.001 SHARE    bconv2d
    6 SLbdeconv2d.pl                           bdeconv2d            2022.05.01.001 SHARE    bdeconv2d for gleanx8
    7 SLbn.pl                                  bn                   2022.05.01.001 SHARE    bn
    8 SLbnms.pl                                bnms                 2023.03.01.001 SHARE    bnms for yolov8
    9 SLchunk.pl                               chunk                2023.03.01.001 SHARE    chunk for fastspeech
  --- ---------------------------------------- -------------------- -------------- -------- -----------------------------
   10 SLclamp.pl                               clamp                2022.10.01.001 SHARE    clamp with CUDA
   11 SLclamp_exp_m1_0_75.pl                   clamp_exp_m1_0_75    2022.05.01.001 SHARE    clamp_exp_m1_0_75 only for fastspeech
   12 SLconcat.pl                              concat               2022.10.01.001 SHARE    concat
   13 SLconst.pl                               const                2022.05.01.001 SHARE    const
   14 SLconv1d.pl                              conv1d               2022.05.01.001 SHARE    conv1d for fastspeech
  --- ---------------------------------------- -------------------- -------------- -------- -----------------------------
   15 SLconv2d.pl                              conv2d               2022.05.01.001 SHARE    conv2d
   16 SLdeconv1d.pl                            deconv1d             2023.03.01.001 SHARE    deconcv1d for hifigan
   17 SLdeconv2d.pl                            deconv2d             2022.05.01.001 SHARE    deconv2d for fastspeech
   18 SLdense.pl                               dense                2022.05.01.001 SHARE    dense for input
   19 SLdist2bbox.pl                           dist2bbox            2023.03.01.001 SHARE    dist2bbox for yolov8
  --- ---------------------------------------- -------------------- -------------- -------- -----------------------------
   20 SLeinmask.pl                             einmask              2022.05.01.001 SHARE    einsum and mask for PaLM
   21 SLeinreshape.pl                          einreshape           2022.05.01.001 SHARE    ein and reshape for PaLM
   22 SLeltwise.pl                             eltwise              2022.10.01.001 SHARE    eltwise for wav2lip
   23 SLembed.pl                               embed                2022.05.01.001 SHARE    embed for fastspeech
   24 SLexpand.pl                              expand               2022.05.01.001 SHARE    expand for covidetect
  --- ---------------------------------------- -------------------- -------------- -------- -----------------------------
   25 SLfade_out.pl                            fade_out             2022.05.01.001 SHARE    fade_out for only fastspeech
   26 SLgather.pl                              gather               2022.05.01.001 SHARE    gather for wav2lip
   27 SLisinf.pl                               isinf                2022.05.01.001 SHARE    isinf for bot-sort
   28 SLjacob.pl                               jacob                2022.05.01.001 SHARE    jacob for covidetect
   29 SLlstm.pl                                lstm                 2022.05.01.001 SHARE     lstm for ocr
  --- ---------------------------------------- -------------------- -------------- -------- -----------------------------
   30 SLm2m.pl                                 m2m                  2022.05.01.001 SHARE    m2m for m2m
   31 SLmask.pl                                mask                 2022.05.01.001 SHARE    mask for maskrcnn
   32 SLmatmul.pl                              matmul               2022.05.01.001 SHARE    matmul for yolov5
   33 SLmatrix.pl                              matrix               2022.05.01.001 SHARE    matrix for clip
   34 SLnms.pl                                 nms                  2022.10.01.001 SHARE    nms for yolov5
  --- ---------------------------------------- -------------------- -------------- -------- -----------------------------
   35 SLnms_gather.pl                          nms_gather           2023.03.01.001 SHARE    gather after nms
   36 SLnms_merge.pl                           nms_merge            2023.03.01.001 SHARE    nms_merge for yolov8
   37 SLnorm.pl                                norm                 2022.05.01.001 SHARE    norm for input
   38 SLpixelshuffle.pl                        pixelshuffle         2022.05.01.001 SHARE    pixelshuffle for gleanx8
   39 SLpool2d.pl                              pool2d               2022.10.01.001 SHARE    pool2d for yolov5
  --- ---------------------------------------- -------------------- -------------- -------- -----------------------------
   40 SLposemb.pl                              posemb               2022.05.01.001 SHARE    posembed for fastspeech
   41 SLpostproc.pl                            postproc             2022.05.01.001 SHARE    postproc for yolov5
   42 SLpreproc.pl                             preproc              2022.10.01.001 SHARE    preproc
   43 SLreduce.pl                              reduce               2022.05.01.001 SHARE    reduce for covidetect
   44 SLreg_len.pl                             reg_len              2023.03.01.001 SHARE    reg_len for fastspeech
  --- ---------------------------------------- -------------------- -------------- -------- -----------------------------
   45 SLregion.pl                              region               2022.05.01.001 NONE     region for maskrcnn
   46 SLreshape.pl                             reshape              2022.05.01.001 SHARE    reshape for input
   47 SLresize.pl                              resize               2022.05.01.001 NONE     resize for covidetect
   48 SLroialign.pl                            roialign             2022.05.01.001 NONE     roialign for maskrcnn
   49 SLroll.pl                                roll                 2022.10.01.001 SHARE    roll for swin-transformer
  --- ---------------------------------------- -------------------- -------------- -------- -----------------------------
   50 SLrotemb.pl                              rotemb               2022.05.01.001 SHARE    rotary position emb for PaLM
   51 SLscale.pl                               scale                2022.05.01.001 SHARE    scale
   52 SLshape.pl                               shape                2022.10.01.001 SHARE    shape for wav2lip
   53 SLshuffle.pl                             shuffle              2022.05.01.001 NONE     shuffle for yolox
   54 SLsimpleop.pl                            simpleop             2022.05.01.001 SHARE    simpleop for gleanx8
  --- ---------------------------------------- -------------------- -------------- -------- -----------------------------
   55 SLslice.pl                               slice                2022.05.01.001 SHARE    slice
   56 SLsoftmax.pl                             softmax              2022.05.01.001 SHARE    softmax for bert
   57 SLsortk.pl                               sortk                2022.10.01.001 SHARE    sortk for yolov5
   58 SLsplit.pl                               split                2022.05.01.001 SHARE    split for fastspeech
   59 SLsum.pl                                 sum                  2022.05.01.001 SHARE    sum
  --- ---------------------------------------- -------------------- -------------- -------- -----------------------------
   60 SLthreshold.pl                           threshold            2022.05.01.001 SHARE     threshold
   61 SLtoimg.pl                               toimg                2022.05.01.001 SHARE    toimg for gleanx8
   62 SLtopk.pl                                topk                 2022.05.01.001 NONE     topk for maskrcnn
   63 SLtrans.pl                               trans                2022.05.01.001 SHARE    trans for input
   64 SLunfold.pl                              unfold               2022.05.01.001 SHARE    unfold for fastspeech
  --- ---------------------------------------- -------------------- -------------- -------- -----------------------------
   65 SLupfirdn2d.pl                           upfirdn2d            2022.05.01.001 SHARE    upfirdn2d for gleanx8
   66 SLupsample.pl                            upsample             2022.10.01.001 SHARE    upsample for yolov5
   67 SLyolo.pl                                yolo                 2022.10.01.001 NONE     yolo for yolov5
  --- ---------------------------------------- -------------------- -------------- -------- -----------------------------
2023-04-04_13.56.15.782 [I] finding total [ 68 ] valid plugin modules.
2023-04-04_13.56.15.783 [I] statistics of layer module usage.
idx module_name                              type                 version        usage
--- ---------------------------------------- -------------------- -------------- -----
  0 SLconcat.pl                              concat               2022.10.01.001    17
  1 SLconv2d.pl                              conv2d               2022.05.01.001    84
  2 SLdist2bbox.pl                           dist2bbox            2023.03.01.001     1
  3 SLeltwise.pl                             eltwise              2022.10.01.001    12
  4 SLnms.pl                                 nms                  2022.10.01.001     1
--- ---------------------------------------- -------------------- -------------- -----
  5 SLnms_merge.pl                           nms_merge            2023.03.01.001     1
  6 SLpool2d.pl                              pool2d               2022.10.01.001     3
  7 SLpreproc.pl                             preproc              2022.10.01.001     1
  8 SLreshape.pl                             reshape              2022.05.01.001     5
  9 SLslice.pl                               slice                2022.05.01.001    18
--- ---------------------------------------- -------------------- -------------- -----
 10 SLsoftmax.pl                             softmax              2022.05.01.001     1
 11 SLtrans.pl                               trans                2022.05.01.001     3
 12 SLupsample.pl                            upsample             2022.10.01.001     2
--- ---------------------------------------- -------------------- -------------- -----
2023-04-04_13.56.15.790 [I] model architecture logging
------------------------------------------------------------ model architecture start -----------------------------------------------------------
   0   17 preproc   pre-order=1 0  pad[12,12,0,0] hwc=1 bgr=1              XX 1,360,640,3        1,3,384,640        PREPROC   
   1   23 conv2d    k(3) p(1,1,1,1) s(2) d(1) g(1) act(silu)         PREPROC 1,3,384,640        1,48,192,320                 
   2   24 conv2d    k(3) p(1,1,1,1) s(2) d(1) g(1) act(silu)                 1,48,192,320       1,96,96,160                  
   3   28 conv2d    k(1) p(0,0,0,0) s(1) d(1) g(1) act(silu)                 1,96,96,160        1,96,96,160        X0_C      
   4   29 slice     start=0,0,0,0 shape=1,48,-1,-1                      X0_C 1,96,96,160        1,48,96,160        X0_C0     
- - - - - - - - - - - - - - - - - - - - - - - - - - - - - - - - - - - - - - - - - - - - - - - - - - - - - - - - - - - - - - - - - - - - - - - - -
   5   30 slice     start=0,48,0,0 shape=1,48,-1,-1                     X0_C 1,96,96,160        1,48,96,160        X0_C1     
   6   32 conv2d    k(3) p(1,1,1,1) s(1) d(1) g(1) act(silu)           X0_C1 1,48,96,160        1,48,96,160                  
   7   33 conv2d    k(3) p(1,1,1,1) s(1) d(1) g(1) act(silu)                 1,48,96,160        1,48,96,160                  
   8   34 eltwise   sum                                              X0_C1,* 1,48,96,160        1,48,96,160        X0_C2     
   9   36 conv2d    k(3) p(1,1,1,1) s(1) d(1) g(1) act(silu)           X0_C2 1,48,96,160        1,48,96,160                  
- - - - - - - - - - - - - - - - - - - - - - - - - - - - - - - - - - - - - - - - - - - - - - - - - - - - - - - - - - - - - - - - - - - - - - - - -
  10   37 conv2d    k(3) p(1,1,1,1) s(1) d(1) g(1) act(silu)                 1,48,96,160        1,48,96,160                  
  11   38 eltwise   sum                                              X0_C2,* 1,48,96,160        1,48,96,160        X0_C3     
  12   40 concat    axis=1                                   X0_C0,X0_C1,X0_C2,X0_C3 1,48,96,160        1,192,96,160                 
  13   41 conv2d    k(1) p(0,0,0,0) s(1) d(1) g(1) act(silu)                 1,192,96,160       1,96,96,160                  
  14   45 conv2d    k(3) p(1,1,1,1) s(2) d(1) g(1) act(silu)                 1,96,96,160        1,192,48,80                  
- - - - - - - - - - - - - - - - - - - - - - - - - - - - - - - - - - - - - - - - - - - - - - - - - - - - - - - - - - - - - - - - - - - - - - - - -
  15   49 conv2d    k(1) p(0,0,0,0) s(1) d(1) g(1) act(silu)                 1,192,48,80        1,192,48,80        X1_C      
  16   51 slice     start=0,0,0,0 shape=1,96,-1,-1                      X1_C 1,192,48,80        1,96,48,80         X1_C0     
  17   52 slice     start=0,96,0,0 shape=1,96,-1,-1                     X1_C 1,192,48,80        1,96,48,80         X1_C1     
  18   54 conv2d    k(3) p(1,1,1,1) s(1) d(1) g(1) act(silu)           X1_C1 1,96,48,80         1,96,48,80                   
  19   55 conv2d    k(3) p(1,1,1,1) s(1) d(1) g(1) act(silu)                 1,96,48,80         1,96,48,80                   
- - - - - - - - - - - - - - - - - - - - - - - - - - - - - - - - - - - - - - - - - - - - - - - - - - - - - - - - - - - - - - - - - - - - - - - - -
  20   56 eltwise   sum                                              X1_C1,* 1,96,48,80         1,96,48,80         X1_C2     
  21   58 conv2d    k(3) p(1,1,1,1) s(1) d(1) g(1) act(silu)           X1_C2 1,96,48,80         1,96,48,80                   
  22   59 conv2d    k(3) p(1,1,1,1) s(1) d(1) g(1) act(silu)                 1,96,48,80         1,96,48,80                   
  23   60 eltwise   sum                                              X1_C2,* 1,96,48,80         1,96,48,80         X1_C3     
  24   62 conv2d    k(3) p(1,1,1,1) s(1) d(1) g(1) act(silu)           X1_C3 1,96,48,80         1,96,48,80                   
- - - - - - - - - - - - - - - - - - - - - - - - - - - - - - - - - - - - - - - - - - - - - - - - - - - - - - - - - - - - - - - - - - - - - - - - -
  25   63 conv2d    k(3) p(1,1,1,1) s(1) d(1) g(1) act(silu)                 1,96,48,80         1,96,48,80                   
  26   64 eltwise   sum                                              X1_C3,* 1,96,48,80         1,96,48,80         X1_C4     
  27   66 conv2d    k(3) p(1,1,1,1) s(1) d(1) g(1) act(silu)           X1_C4 1,96,48,80         1,96,48,80                   
  28   67 conv2d    k(3) p(1,1,1,1) s(1) d(1) g(1) act(silu)                 1,96,48,80         1,96,48,80                   
  29   68 eltwise   sum                                              X1_C4,* 1,96,48,80         1,96,48,80         X1_C5     
- - - - - - - - - - - - - - - - - - - - - - - - - - - - - - - - - - - - - - - - - - - - - - - - - - - - - - - - - - - - - - - - - - - - - - - - -
  30   70 concat    axis=1                                   X1_C0,X1_C1,X1_C2,X1_C3,X1_C4,X1_C5 1,96,48,80         1,576,48,80                  
  31   71 conv2d    k(1) p(0,0,0,0) s(1) d(1) g(1) act(silu)                 1,576,48,80        1,192,48,80        RES_4     
  32   75 conv2d    k(3) p(1,1,1,1) s(2) d(1) g(1) act(silu)           RES_4 1,192,48,80        1,384,24,40                  
  33   79 conv2d    k(1) p(0,0,0,0) s(1) d(1) g(1) act(silu)                 1,384,24,40        1,384,24,40        X2_C      
  34   81 slice     start=0,0,0,0 shape=1,192,-1,-1                     X2_C 1,384,24,40        1,192,24,40        X2_C0     
- - - - - - - - - - - - - - - - - - - - - - - - - - - - - - - - - - - - - - - - - - - - - - - - - - - - - - - - - - - - - - - - - - - - - - - - -
  35   82 slice     start=0,192,0,0 shape=1,192,-1,-1                   X2_C 1,384,24,40        1,192,24,40        X2_C1     
  36   84 conv2d    k(3) p(1,1,1,1) s(1) d(1) g(1) act(silu)           X2_C1 1,192,24,40        1,192,24,40                  
  37   85 conv2d    k(3) p(1,1,1,1) s(1) d(1) g(1) act(silu)                 1,192,24,40        1,192,24,40                  
  38   86 eltwise   sum                                              X2_C1,* 1,192,24,40        1,192,24,40        X2_C2     
  39   88 conv2d    k(3) p(1,1,1,1) s(1) d(1) g(1) act(silu)           X2_C2 1,192,24,40        1,192,24,40                  
- - - - - - - - - - - - - - - - - - - - - - - - - - - - - - - - - - - - - - - - - - - - - - - - - - - - - - - - - - - - - - - - - - - - - - - - -
  40   89 conv2d    k(3) p(1,1,1,1) s(1) d(1) g(1) act(silu)                 1,192,24,40        1,192,24,40                  
  41   90 eltwise   sum                                              X2_C2,* 1,192,24,40        1,192,24,40        X2_C3     
  42   92 conv2d    k(3) p(1,1,1,1) s(1) d(1) g(1) act(silu)           X2_C3 1,192,24,40        1,192,24,40                  
  43   93 conv2d    k(3) p(1,1,1,1) s(1) d(1) g(1) act(silu)                 1,192,24,40        1,192,24,40                  
  44   94 eltwise   sum                                              X2_C3,* 1,192,24,40        1,192,24,40        X2_C4     
- - - - - - - - - - - - - - - - - - - - - - - - - - - - - - - - - - - - - - - - - - - - - - - - - - - - - - - - - - - - - - - - - - - - - - - - -
  45   96 conv2d    k(3) p(1,1,1,1) s(1) d(1) g(1) act(silu)           X2_C4 1,192,24,40        1,192,24,40                  
  46   97 conv2d    k(3) p(1,1,1,1) s(1) d(1) g(1) act(silu)                 1,192,24,40        1,192,24,40                  
  47   98 eltwise   sum                                              X2_C4,* 1,192,24,40        1,192,24,40        X2_C5     
  48  100 concat    axis=1                                   X2_C0,X2_C1,X2_C2,X2_C3,X2_C4,X2_C5 1,192,24,40        1,1152,24,40                 
  49  101 conv2d    k(1) p(0,0,0,0) s(1) d(1) g(1) act(silu)                 1,1152,24,40       1,384,24,40        RES_6     
- - - - - - - - - - - - - - - - - - - - - - - - - - - - - - - - - - - - - - - - - - - - - - - - - - - - - - - - - - - - - - - - - - - - - - - - -
  50  105 conv2d    k(3) p(1,1,1,1) s(2) d(1) g(1) act(silu)           RES_6 1,384,24,40        1,576,12,20                  
  51  109 conv2d    k(1) p(0,0,0,0) s(1) d(1) g(1) act(silu)                 1,576,12,20        1,576,12,20        X3_C      
  52  111 slice     start=0,0,0,0 shape=1,288,-1,-1                     X3_C 1,576,12,20        1,288,12,20        X3_C0     
  53  112 slice     start=0,288,0,0 shape=1,288,-1,-1                   X3_C 1,576,12,20        1,288,12,20        X3_C1     
  54  114 conv2d    k(3) p(1,1,1,1) s(1) d(1) g(1) act(silu)           X3_C1 1,288,12,20        1,288,12,20                  
- - - - - - - - - - - - - - - - - - - - - - - - - - - - - - - - - - - - - - - - - - - - - - - - - - - - - - - - - - - - - - - - - - - - - - - - -
  55  115 conv2d    k(3) p(1,1,1,1) s(1) d(1) g(1) act(silu)                 1,288,12,20        1,288,12,20                  
  56  116 eltwise   sum                                              X3_C1,* 1,288,12,20        1,288,12,20        X3_C2     
  57  118 conv2d    k(3) p(1,1,1,1) s(1) d(1) g(1) act(silu)           X3_C2 1,288,12,20        1,288,12,20                  
  58  119 conv2d    k(3) p(1,1,1,1) s(1) d(1) g(1) act(silu)                 1,288,12,20        1,288,12,20                  
  59  120 eltwise   sum                                              X3_C2,* 1,288,12,20        1,288,12,20        X3_C3     
- - - - - - - - - - - - - - - - - - - - - - - - - - - - - - - - - - - - - - - - - - - - - - - - - - - - - - - - - - - - - - - - - - - - - - - - -
  60  122 concat    axis=1                                   X3_C0,X3_C1,X3_C2,X3_C3 1,288,12,20        1,1152,12,20                 
  61  123 conv2d    k(1) p(0,0,0,0) s(1) d(1) g(1) act(silu)                 1,1152,12,20       1,576,12,20                  
  62  127 conv2d    k(1) p(0,0,0,0) s(1) d(1) g(1) act(silu)                 1,576,12,20        1,288,12,20        SP0_X     
  63  128 pool2d    max k(5) p(2,2,2,2) s(1,1) d(1,1)                  SP0_X 1,288,12,20        1,288,12,20        SP0_Y1    
  64  129 pool2d    max k(5) p(2,2,2,2) s(1,1) d(1,1)                 SP0_Y1 1,288,12,20        1,288,12,20        SP0_Y2    
- - - - - - - - - - - - - - - - - - - - - - - - - - - - - - - - - - - - - - - - - - - - - - - - - - - - - - - - - - - - - - - - - - - - - - - - -
  65  130 pool2d    max k(5) p(2,2,2,2) s(1,1) d(1,1)                 SP0_Y2 1,288,12,20        1,288,12,20        SP0_Y3    
  66  132 concat    axis=1                                   SP0_X,SP0_Y1,SP0_Y2,SP0_Y3 1,288,12,20        1,1152,12,20                 
  67  133 conv2d    k(1) p(0,0,0,0) s(1) d(1) g(1) act(silu)                 1,1152,12,20       1,576,12,20        RES_9     
  68  136 upsample  factor=2                                           RES_9 1,576,12,20        1,576,24,40                  
  69  140 concat    axis=1                                           *,RES_6 1,576,24,40        1,960,24,40                  
- - - - - - - - - - - - - - - - - - - - - - - - - - - - - - - - - - - - - - - - - - - - - - - - - - - - - - - - - - - - - - - - - - - - - - - - -
  70  144 conv2d    k(1) p(0,0,0,0) s(1) d(1) g(1) act(silu)                 1,960,24,40        1,384,24,40        X4_C      
  71  146 slice     start=0,0,0,0 shape=1,192,-1,-1                     X4_C 1,384,24,40        1,192,24,40        X4_C0     
  72  147 slice     start=0,192,0,0 shape=1,192,-1,-1                   X4_C 1,384,24,40        1,192,24,40        X4_C1     
  73  149 conv2d    k(3) p(1,1,1,1) s(1) d(1) g(1) act(silu)           X4_C1 1,192,24,40        1,192,24,40                  
  74  150 conv2d    k(3) p(1,1,1,1) s(1) d(1) g(1) act(silu)                 1,192,24,40        1,192,24,40        X4_C2     
- - - - - - - - - - - - - - - - - - - - - - - - - - - - - - - - - - - - - - - - - - - - - - - - - - - - - - - - - - - - - - - - - - - - - - - - -
  75  152 conv2d    k(3) p(1,1,1,1) s(1) d(1) g(1) act(silu)           X4_C2 1,192,24,40        1,192,24,40                  
  76  153 conv2d    k(3) p(1,1,1,1) s(1) d(1) g(1) act(silu)                 1,192,24,40        1,192,24,40        X4_C3     
  77  155 concat    axis=1                                   X4_C0,X4_C1,X4_C2,X4_C3 1,192,24,40        1,768,24,40                  
  78  156 conv2d    k(1) p(0,0,0,0) s(1) d(1) g(1) act(silu)                 1,768,24,40        1,384,24,40        RES_12    
  79  160 upsample  factor=2                                          RES_12 1,384,24,40        1,384,48,80                  
- - - - - - - - - - - - - - - - - - - - - - - - - - - - - - - - - - - - - - - - - - - - - - - - - - - - - - - - - - - - - - - - - - - - - - - - -
  80  164 concat    axis=1                                           *,RES_4 1,384,48,80        1,576,48,80                  
  81  168 conv2d    k(1) p(0,0,0,0) s(1) d(1) g(1) act(silu)                 1,576,48,80        1,192,48,80        X5_C      
  82  170 slice     start=0,0,0,0 shape=1,96,-1,-1                      X5_C 1,192,48,80        1,96,48,80         X5_C0     
  83  171 slice     start=0,96,0,0 shape=1,96,-1,-1                     X5_C 1,192,48,80        1,96,48,80         X5_C1     
  84  173 conv2d    k(3) p(1,1,1,1) s(1) d(1) g(1) act(silu)           X5_C1 1,96,48,80         1,96,48,80                   
- - - - - - - - - - - - - - - - - - - - - - - - - - - - - - - - - - - - - - - - - - - - - - - - - - - - - - - - - - - - - - - - - - - - - - - - -
  85  174 conv2d    k(3) p(1,1,1,1) s(1) d(1) g(1) act(silu)                 1,96,48,80         1,96,48,80         X5_C2     
  86  176 conv2d    k(3) p(1,1,1,1) s(1) d(1) g(1) act(silu)           X5_C2 1,96,48,80         1,96,48,80                   
  87  177 conv2d    k(3) p(1,1,1,1) s(1) d(1) g(1) act(silu)                 1,96,48,80         1,96,48,80         X5_C3     
  88  179 concat    axis=1                                   X5_C0,X5_C1,X5_C2,X5_C3 1,96,48,80         1,384,48,80                  
  89  180 conv2d    k(1) p(0,0,0,0) s(1) d(1) g(1) act(silu)                 1,384,48,80        1,192,48,80        RES_15    
- - - - - - - - - - - - - - - - - - - - - - - - - - - - - - - - - - - - - - - - - - - - - - - - - - - - - - - - - - - - - - - - - - - - - - - - -
  90  184 conv2d    k(3) p(1,1,1,1) s(2) d(1) g(1) act(silu)          RES_15 1,192,48,80        1,192,24,40                  
  91  188 concat    axis=1                                          *,RES_12 1,192,24,40        1,576,24,40                  
  92  192 conv2d    k(1) p(0,0,0,0) s(1) d(1) g(1) act(silu)                 1,576,24,40        1,384,24,40        X6_C      
  93  194 slice     start=0,0,0,0 shape=1,192,-1,-1                     X6_C 1,384,24,40        1,192,24,40        X6_C0     
  94  195 slice     start=0,192,0,0 shape=1,192,-1,-1                   X6_C 1,384,24,40        1,192,24,40        X6_C1     
- - - - - - - - - - - - - - - - - - - - - - - - - - - - - - - - - - - - - - - - - - - - - - - - - - - - - - - - - - - - - - - - - - - - - - - - -
  95  197 conv2d    k(3) p(1,1,1,1) s(1) d(1) g(1) act(silu)           X6_C1 1,192,24,40        1,192,24,40                  
  96  198 conv2d    k(3) p(1,1,1,1) s(1) d(1) g(1) act(silu)                 1,192,24,40        1,192,24,40        X6_C2     
  97  200 conv2d    k(3) p(1,1,1,1) s(1) d(1) g(1) act(silu)           X6_C2 1,192,24,40        1,192,24,40                  
  98  201 conv2d    k(3) p(1,1,1,1) s(1) d(1) g(1) act(silu)                 1,192,24,40        1,192,24,40        X6_C3     
  99  203 concat    axis=1                                   X6_C0,X6_C1,X6_C2,X6_C3 1,192,24,40        1,768,24,40                  
- - - - - - - - - - - - - - - - - - - - - - - - - - - - - - - - - - - - - - - - - - - - - - - - - - - - - - - - - - - - - - - - - - - - - - - - -
 100  204 conv2d    k(1) p(0,0,0,0) s(1) d(1) g(1) act(silu)                 1,768,24,40        1,384,24,40        RES_18    
 101  208 conv2d    k(3) p(1,1,1,1) s(2) d(1) g(1) act(silu)          RES_18 1,384,24,40        1,384,12,20                  
 102  212 concat    axis=1                                           *,RES_9 1,384,12,20        1,960,12,20                  
 103  216 conv2d    k(1) p(0,0,0,0) s(1) d(1) g(1) act(silu)                 1,960,12,20        1,576,12,20        X7_C      
 104  218 slice     start=0,0,0,0 shape=1,288,-1,-1                     X7_C 1,576,12,20        1,288,12,20        X7_C0     
- - - - - - - - - - - - - - - - - - - - - - - - - - - - - - - - - - - - - - - - - - - - - - - - - - - - - - - - - - - - - - - - - - - - - - - - -
 105  219 slice     start=0,288,0,0 shape=1,288,-1,-1                   X7_C 1,576,12,20        1,288,12,20        X7_C1     
 106  221 conv2d    k(3) p(1,1,1,1) s(1) d(1) g(1) act(silu)           X7_C1 1,288,12,20        1,288,12,20                  
 107  222 conv2d    k(3) p(1,1,1,1) s(1) d(1) g(1) act(silu)                 1,288,12,20        1,288,12,20        X7_C2     
 108  224 conv2d    k(3) p(1,1,1,1) s(1) d(1) g(1) act(silu)           X7_C2 1,288,12,20        1,288,12,20                  
 109  225 conv2d    k(3) p(1,1,1,1) s(1) d(1) g(1) act(silu)                 1,288,12,20        1,288,12,20        X7_C3     
- - - - - - - - - - - - - - - - - - - - - - - - - - - - - - - - - - - - - - - - - - - - - - - - - - - - - - - - - - - - - - - - - - - - - - - - -
 110  227 concat    axis=1                                   X7_C0,X7_C1,X7_C2,X7_C3 1,288,12,20        1,1152,12,20                 
 111  228 conv2d    k(1) p(0,0,0,0) s(1) d(1) g(1) act(silu)                 1,1152,12,20       1,576,12,20        RES_21    
 112  232 conv2d    k(3) p(1,1,1,1) s(1) d(1) g(1) act(silu)          RES_15 1,192,48,80        1,64,48,80                   
 113  233 conv2d    k(3) p(1,1,1,1) s(1) d(1) g(1) act(silu)                 1,64,48,80         1,64,48,80                   
 114  234 conv2d    k(1) p(0,0,0,0) s(1) d(1) g(1) act(identity)                 1,64,48,80         1,64,48,80         DETECT_T1 
- - - - - - - - - - - - - - - - - - - - - - - - - - - - - - - - - - - - - - - - - - - - - - - - - - - - - - - - - - - - - - - - - - - - - - - - -
 115  237 conv2d    k(3) p(1,1,1,1) s(1) d(1) g(1) act(silu)          RES_15 1,192,48,80        1,192,48,80                  
 116  238 conv2d    k(3) p(1,1,1,1) s(1) d(1) g(1) act(silu)                 1,192,48,80        1,192,48,80                  
 117  239 conv2d    k(1) p(0,0,0,0) s(1) d(1) g(1) act(identity)                 1,192,48,80        1,80,48,80         DETECT_T2 
 118  240 concat    axis=1                                   DETECT_T1,DETECT_T2 1,64,48,80         1,144,48,80        D0        
 119  241 reshape   1,144,-1                                              D0 1,144,48,80        1,144,3840         RE_D0     
- - - - - - - - - - - - - - - - - - - - - - - - - - - - - - - - - - - - - - - - - - - - - - - - - - - - - - - - - - - - - - - - - - - - - - - - -
 120  244 conv2d    k(3) p(1,1,1,1) s(1) d(1) g(1) act(silu)          RES_18 1,384,24,40        1,64,24,40                   
 121  245 conv2d    k(3) p(1,1,1,1) s(1) d(1) g(1) act(silu)                 1,64,24,40         1,64,24,40                   
 122  246 conv2d    k(1) p(0,0,0,0) s(1) d(1) g(1) act(identity)                 1,64,24,40         1,64,24,40         DETECT_T3 
 123  249 conv2d    k(3) p(1,1,1,1) s(1) d(1) g(1) act(silu)          RES_18 1,384,24,40        1,192,24,40                  
 124  250 conv2d    k(3) p(1,1,1,1) s(1) d(1) g(1) act(silu)                 1,192,24,40        1,192,24,40                  
- - - - - - - - - - - - - - - - - - - - - - - - - - - - - - - - - - - - - - - - - - - - - - - - - - - - - - - - - - - - - - - - - - - - - - - - -
 125  251 conv2d    k(1) p(0,0,0,0) s(1) d(1) g(1) act(identity)                 1,192,24,40        1,80,24,40         DETECT_T4 
 126  252 concat    axis=1                                   DETECT_T3,DETECT_T4 1,64,24,40         1,144,24,40        D1        
 127  253 reshape   1,144,-1                                              D1 1,144,24,40        1,144,960          RE_D1     
 128  256 conv2d    k(3) p(1,1,1,1) s(1) d(1) g(1) act(silu)          RES_21 1,576,12,20        1,64,12,20                   
 129  257 conv2d    k(3) p(1,1,1,1) s(1) d(1) g(1) act(silu)                 1,64,12,20         1,64,12,20                   
- - - - - - - - - - - - - - - - - - - - - - - - - - - - - - - - - - - - - - - - - - - - - - - - - - - - - - - - - - - - - - - - - - - - - - - - -
 130  258 conv2d    k(1) p(0,0,0,0) s(1) d(1) g(1) act(identity)                 1,64,12,20         1,64,12,20         DETECT_T5 
 131  261 conv2d    k(3) p(1,1,1,1) s(1) d(1) g(1) act(silu)          RES_21 1,576,12,20        1,192,12,20                  
 132  262 conv2d    k(3) p(1,1,1,1) s(1) d(1) g(1) act(silu)                 1,192,12,20        1,192,12,20                  
 133  263 conv2d    k(1) p(0,0,0,0) s(1) d(1) g(1) act(identity)                 1,192,12,20        1,80,12,20         DETECT_T6 
 134  264 concat    axis=1                                   DETECT_T5,DETECT_T6 1,64,12,20         1,144,12,20        D2        
- - - - - - - - - - - - - - - - - - - - - - - - - - - - - - - - - - - - - - - - - - - - - - - - - - - - - - - - - - - - - - - - - - - - - - - - -
 135  265 reshape   1,144,-1                                              D2 1,144,12,20        1,144,240          RE_D2     
 136  280 concat    axis=2                                   RE_D0,RE_D1,RE_D2 1,144,3840         1,144,5040         RE_D      
 137  281 slice     start=0,0,0 shape=1,64,-1                           RE_D 1,144,5040         1,64,5040          BOX_0     
 138  282 slice     start=0,64,0 shape=1,-1,-1                          RE_D 1,144,5040         1,80,5040          CLS_0     
 139  284 reshape   1,4,16,-1                                          BOX_0 1,64,5040          1,4,16,5040                  
- - - - - - - - - - - - - - - - - - - - - - - - - - - - - - - - - - - - - - - - - - - - - - - - - - - - - - - - - - - - - - - - - - - - - - - - -
 140  285 trans     0,2,1,3                                                  1,4,16,5040        1,16,4,5040                  
 141  286 softmax   axis=1                                                   1,16,4,5040        1,16,4,5040                  
 142  287 conv2d    k(1) p(0,0,0,0) s(1) d(1) g(1) act(identity)                 1,16,4,5040        1,1,4,5040                   
 143  288 reshape   1,4,-1                                                   1,1,4,5040         1,4,5040                     
 144  290 dist2bbox yolov8                                        *,D0,D1,D2 1,4,5040           1,4,5040                     
- - - - - - - - - - - - - - - - - - - - - - - - - - - - - - - - - - - - - - - - - - - - - - - - - - - - - - - - - - - - - - - - - - - - - - - - -
 145  291 trans     0,2,1                                                    1,4,5040           1,5040,4           BOX       
 146  292 trans     0,2,1                                              CLS_0 1,80,5040          1,5040,80          CLS       
 147  299 nms       mode=trt                                         BOX,CLS 1,5040,4           800,3                        
 148  300 nms_merge mode=yolov8 result_count=800             *,BOX,CLS,PREPROC 800,3              800,7                        
------------------------------------------------------------ model architecture end -------------------------------------------------------------
2023-04-04_13.56.15.884 [I] parsing done! : 1 inputs, 149 layers, 1 outputs
2023-04-04_13.56.15.885 [E] can not open weight_file=[../mgmt/weights/yolov8m.weights].
